<?xml version="1.0" encoding="UTF-8"?>
<!-- Generated by org.testng.reporters.JUnitReportReporter -->
<testsuite hostname="AT_PoornimaM-IBC" failures="0" tests="2" name="test_cases.Login_TC" time="11.914" errors="0" timestamp="2024-02-08T12:45:12 IST" skipped="0">
  <testcase classname="test_cases.Login_TC" name="Verify_valid_auth_Login" time="4.482"/>
  <system-out/>
  <testcase classname="test_cases.Login_TC" name="Verify_auth_logout" time="7.432"/>
  <system-out/>
</testsuite> <!-- test_cases.Login_TC -->
