<?xml version="1.0" encoding="UTF-8"?>
<!-- Generated by org.testng.reporters.JUnitReportReporter -->
<testsuite hostname="AT_PoornimaM-IBC" failures="0" tests="3" name="test_cases.RFI_TC" time="30.623" errors="0" timestamp="2024-02-06T17:38:31 IST" skipped="0">
  <testcase classname="test_cases.RFI_TC" name="Verify_valid_Login" time="5.942"/>
  <system-out/>
  <testcase classname="test_cases.RFI_TC" name="Verify_close_rfi_without_comment" time="8.265"/>
  <system-out/>
  <testcase classname="test_cases.RFI_TC" name="Verify_close_rfi_with_comment" time="16.416"/>
  <system-out/>
</testsuite> <!-- test_cases.RFI_TC -->
